Streaming transaction logs mentioning HTk3g5v5CUai7MXF3r87jAMDjpGH6oXFJQCRYf4GFrv9. Confirmed commitment
Transaction executed in slot 13:
  Signature: 5V5qu1AgyJ1rYfxH3wjr8wFdg1tanFqN2VEDH9vf4ax4zKyvDkoyL7c8rXdFKsYfmd5hz8UCa3E1iP5Tu1GfaGED
  Status: Ok
  Log Messages:
    Program HTk3g5v5CUai7MXF3r87jAMDjpGH6oXFJQCRYf4GFrv9 invoke [1]
    Program log: Instruction: CreateOffer
    Program 11111111111111111111111111111111 invoke [2]
    Program 11111111111111111111111111111111 success
    Program 11111111111111111111111111111111 invoke [2]
    Program 11111111111111111111111111111111 success
    Program TokenkegQfeZyiNwAJbNbGKPFXCWuBvf9Ss623VQ5DA invoke [2]
    Program log: Instruction: InitializeAccount3
    Program TokenkegQfeZyiNwAJbNbGKPFXCWuBvf9Ss623VQ5DA consumed 4214 of 182535 compute units
    Program TokenkegQfeZyiNwAJbNbGKPFXCWuBvf9Ss623VQ5DA success
    Program TokenkegQfeZyiNwAJbNbGKPFXCWuBvf9Ss623VQ5DA invoke [2]
    Program log: Instruction: Transfer
    Program TokenkegQfeZyiNwAJbNbGKPFXCWuBvf9Ss623VQ5DA consumed 4645 of 172989 compute units
    Program TokenkegQfeZyiNwAJbNbGKPFXCWuBvf9Ss623VQ5DA success
    Program data: H+zXkEstnVcvwLqYsDcVtHkG0w5dlkLcxEyGoYZrEakhHGMQmh9uv/T7iJYzyiNfN1r5l/dH2doLBon9NT0NdF6pvYE96hBUvGsAqQ/m/yj2Q7H8iOwlfZyoEGohKQ1hgdyOKB1aozOd45ghFetnmBfmr21vW6fqii6WbZAXbUt+GCQ5AHZcmugDAAAAAAAA0AcAAAAAAACMEidpAAAAAAEAAAAAAAAA
    Program HTk3g5v5CUai7MXF3r87jAMDjpGH6oXFJQCRYf4GFrv9 consumed 33234 of 200000 compute units
    Program HTk3g5v5CUai7MXF3r87jAMDjpGH6oXFJQCRYf4GFrv9 success
Transaction executed in slot 14:
  Signature: 61UCjoAUqjieajqLghuCrf5MivUSmqHuFQKLENwpGXMjxHM4YBALE2Ak6PiMxMagYSfPBEWiQYqGYb18a5Y3c8sz
  Status: Ok
  Log Messages:
    Program HTk3g5v5CUai7MXF3r87jAMDjpGH6oXFJQCRYf4GFrv9 invoke [1]
    Program log: Instruction: CreateOffer
    Program 11111111111111111111111111111111 invoke [2]
    Program 11111111111111111111111111111111 success
    Program 11111111111111111111111111111111 invoke [2]
    Program 11111111111111111111111111111111 success
    Program TokenkegQfeZyiNwAJbNbGKPFXCWuBvf9Ss623VQ5DA invoke [2]
    Program log: Instruction: InitializeAccount3
    Program TokenkegQfeZyiNwAJbNbGKPFXCWuBvf9Ss623VQ5DA consumed 4214 of 173535 compute units
    Program TokenkegQfeZyiNwAJbNbGKPFXCWuBvf9Ss623VQ5DA success
    Program TokenkegQfeZyiNwAJbNbGKPFXCWuBvf9Ss623VQ5DA invoke [2]
    Program log: Instruction: Transfer
    Program TokenkegQfeZyiNwAJbNbGKPFXCWuBvf9Ss623VQ5DA consumed 4645 of 163989 compute units
    Program TokenkegQfeZyiNwAJbNbGKPFXCWuBvf9Ss623VQ5DA success
    Program data: H+zXkEstnVcN+YKdGbzVtYv+RvOttZfVBdmTUSWeKY+kmpJ8WBr/efT7iJYzyiNfN1r5l/dH2doLBon9NT0NdF6pvYE96hBUvGsAqQ/m/yj2Q7H8iOwlfZyoEGohKQ1hgdyOKB1aozOd45ghFetnmBfmr21vW6fqii6WbZAXbUt+GCQ5AHZcmugDAAAAAAAA0AcAAAAAAACNEidpAAAAACmJacCaAQAA
    Program HTk3g5v5CUai7MXF3r87jAMDjpGH6oXFJQCRYf4GFrv9 consumed 42234 of 200000 compute units
    Program HTk3g5v5CUai7MXF3r87jAMDjpGH6oXFJQCRYf4GFrv9 success
Transaction executed in slot 15:
  Signature: g1ewrYqqDMtKStQiTE2BnK8XnqUmBosZayuRBZzao7fF6a3kofMQB3xFTCmkxjV1dNTTLFM89wEjYxSTynb8sam
  Status: Ok
  Log Messages:
    Program HTk3g5v5CUai7MXF3r87jAMDjpGH6oXFJQCRYf4GFrv9 invoke [1]
    Program log: Instruction: AcceptOffer
    Program TokenkegQfeZyiNwAJbNbGKPFXCWuBvf9Ss623VQ5DA invoke [2]
    Program log: Instruction: Transfer
    Program TokenkegQfeZyiNwAJbNbGKPFXCWuBvf9Ss623VQ5DA consumed 4645 of 177056 compute units
    Program TokenkegQfeZyiNwAJbNbGKPFXCWuBvf9Ss623VQ5DA success
    Program TokenkegQfeZyiNwAJbNbGKPFXCWuBvf9Ss623VQ5DA invoke [2]
    Program log: Instruction: Transfer
    Program TokenkegQfeZyiNwAJbNbGKPFXCWuBvf9Ss623VQ5DA consumed 4645 of 170130 compute units
    Program TokenkegQfeZyiNwAJbNbGKPFXCWuBvf9Ss623VQ5DA success
    Program data: Ue7uc4wSCBQN+YKdGbzVtYv+RvOttZfVBdmTUSWeKY+kmpJ8WBr/eVZ/7rySgAMqDdzgOuoBx6q4axnoEBNqi+Y1ms5QoRNw6AMAAAAAAADQBwAAAAAAAAAAAAAAAAAAAAAAAAAAAAAB
    Program TokenkegQfeZyiNwAJbNbGKPFXCWuBvf9Ss623VQ5DA invoke [2]
    Program log: Instruction: CloseAccount
    Program TokenkegQfeZyiNwAJbNbGKPFXCWuBvf9Ss623VQ5DA consumed 3015 of 162858 compute units
    Program TokenkegQfeZyiNwAJbNbGKPFXCWuBvf9Ss623VQ5DA success
    Program HTk3g5v5CUai7MXF3r87jAMDjpGH6oXFJQCRYf4GFrv9 consumed 41320 of 200000 compute units
    Program HTk3g5v5CUai7MXF3r87jAMDjpGH6oXFJQCRYf4GFrv9 success
Transaction executed in slot 16:
  Signature: 2oNSpdrktnrnsTNfsny6z7yviYqQ1SNBDz88cuscV5TyzoUjRZhuiU31r6xbdErzEaLCpnsfL8FEcPDahXQwa7DF
  Status: Ok
  Log Messages:
    Program HTk3g5v5CUai7MXF3r87jAMDjpGH6oXFJQCRYf4GFrv9 invoke [1]
    Program log: Instruction: CreateOffer
    Program 11111111111111111111111111111111 invoke [2]
    Program 11111111111111111111111111111111 success
    Program 11111111111111111111111111111111 invoke [2]
    Program 11111111111111111111111111111111 success
    Program TokenkegQfeZyiNwAJbNbGKPFXCWuBvf9Ss623VQ5DA invoke [2]
    Program log: Instruction: InitializeAccount3
    Program TokenkegQfeZyiNwAJbNbGKPFXCWuBvf9Ss623VQ5DA consumed 4214 of 176535 compute units
    Program TokenkegQfeZyiNwAJbNbGKPFXCWuBvf9Ss623VQ5DA success
    Program TokenkegQfeZyiNwAJbNbGKPFXCWuBvf9Ss623VQ5DA invoke [2]
    Program log: Instruction: Transfer
    Program TokenkegQfeZyiNwAJbNbGKPFXCWuBvf9Ss623VQ5DA consumed 4645 of 166989 compute units
    Program TokenkegQfeZyiNwAJbNbGKPFXCWuBvf9Ss623VQ5DA success
    Program data: H+zXkEstnVdlFbeIookeqE9PcnhjLr5a6a5v24G0ETrWh/yzG8VT8vT7iJYzyiNfN1r5l/dH2doLBon9NT0NdF6pvYE96hBUvGsAqQ/m/yj2Q7H8iOwlfZyoEGohKQ1hgdyOKB1aozOd45ghFetnmBfmr21vW6fqii6WbZAXbUt+GCQ5AHZcmugDAAAAAAAA0AcAAAAAAACOEidpAAAAAJWMacCaAQAA
    Program HTk3g5v5CUai7MXF3r87jAMDjpGH6oXFJQCRYf4GFrv9 consumed 39234 of 200000 compute units
    Program HTk3g5v5CUai7MXF3r87jAMDjpGH6oXFJQCRYf4GFrv9 success
Transaction executed in slot 17:
  Signature: 2yT4w29vCn3cm2oXz8dTp9YgRcbVNsEcn3UhiMFtDjsCpr5xHWTQAZVfc3tUo5EqNQbAQ94CGKhcEMM7G2bGjHKp
  Status: Ok
  Log Messages:
    Program HTk3g5v5CUai7MXF3r87jAMDjpGH6oXFJQCRYf4GFrv9 invoke [1]
    Program log: Instruction: AcceptOffer
    Program TokenkegQfeZyiNwAJbNbGKPFXCWuBvf9Ss623VQ5DA invoke [2]
    Program log: Instruction: Transfer
    Program TokenkegQfeZyiNwAJbNbGKPFXCWuBvf9Ss623VQ5DA consumed 4645 of 169556 compute units
    Program TokenkegQfeZyiNwAJbNbGKPFXCWuBvf9Ss623VQ5DA success
    Program TokenkegQfeZyiNwAJbNbGKPFXCWuBvf9Ss623VQ5DA invoke [2]
    Program log: Instruction: Transfer
    Program TokenkegQfeZyiNwAJbNbGKPFXCWuBvf9Ss623VQ5DA consumed 4645 of 162630 compute units
    Program TokenkegQfeZyiNwAJbNbGKPFXCWuBvf9Ss623VQ5DA success
    Program data: Ue7uc4wSCBRlFbeIookeqE9PcnhjLr5a6a5v24G0ETrWh/yzG8VT8lZ/7rySgAMqDdzgOuoBx6q4axnoEBNqi+Y1ms5QoRNw9AEAAAAAAADoAwAAAAAAAPQBAAAAAAAA6AMAAAAAAAAA
    Program HTk3g5v5CUai7MXF3r87jAMDjpGH6oXFJQCRYf4GFrv9 consumed 43592 of 200000 compute units
    Program HTk3g5v5CUai7MXF3r87jAMDjpGH6oXFJQCRYf4GFrv9 success
Transaction executed in slot 18:
  Signature: TbmVdvpJKV6WQNHpZVccaSEvkpvGazgM3sEFQNVWbH78f8nM2jAFiVxUipF9HkV1euMzwLNYCnYcbmAs3DnpxPn
  Status: Ok
  Log Messages:
    Program HTk3g5v5CUai7MXF3r87jAMDjpGH6oXFJQCRYf4GFrv9 invoke [1]
    Program log: Instruction: CreateOffer
    Program 11111111111111111111111111111111 invoke [2]
    Program 11111111111111111111111111111111 success
    Program 11111111111111111111111111111111 invoke [2]
    Program 11111111111111111111111111111111 success
    Program TokenkegQfeZyiNwAJbNbGKPFXCWuBvf9Ss623VQ5DA invoke [2]
    Program log: Instruction: InitializeAccount3
    Program TokenkegQfeZyiNwAJbNbGKPFXCWuBvf9Ss623VQ5DA consumed 4214 of 179535 compute units
    Program TokenkegQfeZyiNwAJbNbGKPFXCWuBvf9Ss623VQ5DA success
    Program TokenkegQfeZyiNwAJbNbGKPFXCWuBvf9Ss623VQ5DA invoke [2]
    Program log: Instruction: Transfer
    Program TokenkegQfeZyiNwAJbNbGKPFXCWuBvf9Ss623VQ5DA consumed 4645 of 169989 compute units
    Program TokenkegQfeZyiNwAJbNbGKPFXCWuBvf9Ss623VQ5DA success
    Program data: H+zXkEstnVfV8YGHet+k9f8UnOI6LuBtcZXBvNKGeiYrNcAuQCGpp/T7iJYzyiNfN1r5l/dH2doLBon9NT0NdF6pvYE96hBUvGsAqQ/m/yj2Q7H8iOwlfZyoEGohKQ1hgdyOKB1aozOd45ghFetnmBfmr21vW6fqii6WbZAXbUt+GCQ5AHZcmugDAAAAAAAA0AcAAAAAAACPEidpAAAAAEKQacCaAQAA
    Program HTk3g5v5CUai7MXF3r87jAMDjpGH6oXFJQCRYf4GFrv9 consumed 36234 of 200000 compute units
    Program HTk3g5v5CUai7MXF3r87jAMDjpGH6oXFJQCRYf4GFrv9 success
Transaction executed in slot 19:
  Signature: 66dhSarPZAS3y2ozNajP8nFFA8qYZQpgSHMAPUCEPsjq5kg5pCYx6QNfMwEFqnPX1C2URERRMYeJ5DkvWNg1f9NH
  Status: Ok
  Log Messages:
    Program HTk3g5v5CUai7MXF3r87jAMDjpGH6oXFJQCRYf4GFrv9 invoke [1]
    Program log: Instruction: CreateOffer
    Program 11111111111111111111111111111111 invoke [2]
    Program 11111111111111111111111111111111 success
    Program 11111111111111111111111111111111 invoke [2]
    Program 11111111111111111111111111111111 success
    Program TokenkegQfeZyiNwAJbNbGKPFXCWuBvf9Ss623VQ5DA invoke [2]
    Program log: Instruction: InitializeAccount3
    Program TokenkegQfeZyiNwAJbNbGKPFXCWuBvf9Ss623VQ5DA consumed 4214 of 182535 compute units
    Program TokenkegQfeZyiNwAJbNbGKPFXCWuBvf9Ss623VQ5DA success
    Program TokenkegQfeZyiNwAJbNbGKPFXCWuBvf9Ss623VQ5DA invoke [2]
    Program log: Instruction: Transfer
    Program TokenkegQfeZyiNwAJbNbGKPFXCWuBvf9Ss623VQ5DA consumed 4645 of 172989 compute units
    Program TokenkegQfeZyiNwAJbNbGKPFXCWuBvf9Ss623VQ5DA success
    Program data: H+zXkEstnVfIBr8EKjcy5FYeb4U6iBPnQ4X24eanPhbmpJKR5c54nPT7iJYzyiNfN1r5l/dH2doLBon9NT0NdF6pvYE96hBUvGsAqQ/m/yj2Q7H8iOwlfZyoEGohKQ1hgdyOKB1aozOd45ghFetnmBfmr21vW6fqii6WbZAXbUt+GCQ5AHZcmugDAAAAAAAA0AcAAAAAAACPEidpAAAAACeSacCaAQAA
    Program HTk3g5v5CUai7MXF3r87jAMDjpGH6oXFJQCRYf4GFrv9 consumed 33234 of 200000 compute units
    Program HTk3g5v5CUai7MXF3r87jAMDjpGH6oXFJQCRYf4GFrv9 success
Transaction executed in slot 20:
  Signature: 2ZMEq1kRAmBGtQ2vyA9UUz1ALM96qBRNevTvKXL8EXxT7vmKipfnymyhYBq6LDGHwbQcw2segkhpX3YwtfpFdbG2
  Status: Ok
  Log Messages:
    Program HTk3g5v5CUai7MXF3r87jAMDjpGH6oXFJQCRYf4GFrv9 invoke [1]
    Program log: Instruction: CreateOffer
    Program 11111111111111111111111111111111 invoke [2]
    Program 11111111111111111111111111111111 success
    Program 11111111111111111111111111111111 invoke [2]
    Program 11111111111111111111111111111111 success
    Program TokenkegQfeZyiNwAJbNbGKPFXCWuBvf9Ss623VQ5DA invoke [2]
    Program log: Instruction: InitializeAccount3
    Program TokenkegQfeZyiNwAJbNbGKPFXCWuBvf9Ss623VQ5DA consumed 4214 of 181035 compute units
    Program TokenkegQfeZyiNwAJbNbGKPFXCWuBvf9Ss623VQ5DA success
    Program TokenkegQfeZyiNwAJbNbGKPFXCWuBvf9Ss623VQ5DA invoke [2]
    Program log: Instruction: Transfer
    Program TokenkegQfeZyiNwAJbNbGKPFXCWuBvf9Ss623VQ5DA consumed 4645 of 171489 compute units
    Program TokenkegQfeZyiNwAJbNbGKPFXCWuBvf9Ss623VQ5DA success
    Program data: H+zXkEstnVe5izejee2r2ciam3HdiwX44lyIqPf+qluQt0QvzWusXfT7iJYzyiNfN1r5l/dH2doLBon9NT0NdF6pvYE96hBUvGsAqQ/m/yj2Q7H8iOwlfZyoEGohKQ1hgdyOKB1aozOd45ghFetnmBfmr21vW6fqii6WbZAXbUt+GCQ5AHZcmugDAAAAAAAA0AcAAAAAAACPEidpAAAAAFmXacCaAQAA
    Program HTk3g5v5CUai7MXF3r87jAMDjpGH6oXFJQCRYf4GFrv9 consumed 34734 of 200000 compute units
    Program HTk3g5v5CUai7MXF3r87jAMDjpGH6oXFJQCRYf4GFrv9 success
Transaction executed in slot 21:
  Signature: 3YUvGiDBEUoBbeoKsbHhxsv9fLtkyjKMk25cLuFDPKBZEUCbRyPiVzGnZf2bBj9bVH429ygSccivNAWpjT2eHmJL
  Status: Ok
  Log Messages:
    Program HTk3g5v5CUai7MXF3r87jAMDjpGH6oXFJQCRYf4GFrv9 invoke [1]
    Program log: Instruction: CancelOffer
    Program TokenkegQfeZyiNwAJbNbGKPFXCWuBvf9Ss623VQ5DA invoke [2]
    Program log: Instruction: Transfer
    Program TokenkegQfeZyiNwAJbNbGKPFXCWuBvf9Ss623VQ5DA consumed 4645 of 189051 compute units
    Program TokenkegQfeZyiNwAJbNbGKPFXCWuBvf9Ss623VQ5DA success
    Program TokenkegQfeZyiNwAJbNbGKPFXCWuBvf9Ss623VQ5DA invoke [2]
    Program log: Instruction: CloseAccount
    Program TokenkegQfeZyiNwAJbNbGKPFXCWuBvf9Ss623VQ5DA consumed 3015 of 182156 compute units
    Program TokenkegQfeZyiNwAJbNbGKPFXCWuBvf9Ss623VQ5DA success
    Program data: LSqv1jPAmgm5izejee2r2ciam3HdiwX44lyIqPf+qluQt0QvzWusXfT7iJYzyiNfN1r5l/dH2doLBon9NT0NdF6pvYE96hBU6AMAAAAAAAA=
    Program HTk3g5v5CUai7MXF3r87jAMDjpGH6oXFJQCRYf4GFrv9 consumed 21771 of 200000 compute units
    Program HTk3g5v5CUai7MXF3r87jAMDjpGH6oXFJQCRYf4GFrv9 success
Transaction executed in slot 22:
  Signature: 3p3vL4mN9sashZYgb3LXL1KgLgGA7LCsfhVuMPSfgLg3CfVbUwQfDm46NnkE2qV64LWWLEcopiygoLHXZqbmckM4
  Status: Ok
  Log Messages:
    Program HTk3g5v5CUai7MXF3r87jAMDjpGH6oXFJQCRYf4GFrv9 invoke [1]
    Program log: Instruction: CreateOffer
    Program 11111111111111111111111111111111 invoke [2]
    Program 11111111111111111111111111111111 success
    Program 11111111111111111111111111111111 invoke [2]
    Program 11111111111111111111111111111111 success
    Program TokenkegQfeZyiNwAJbNbGKPFXCWuBvf9Ss623VQ5DA invoke [2]
    Program log: Instruction: InitializeAccount3
    Program TokenkegQfeZyiNwAJbNbGKPFXCWuBvf9Ss623VQ5DA consumed 4214 of 178035 compute units
    Program TokenkegQfeZyiNwAJbNbGKPFXCWuBvf9Ss623VQ5DA success
    Program TokenkegQfeZyiNwAJbNbGKPFXCWuBvf9Ss623VQ5DA invoke [2]
    Program log: Instruction: Transfer
    Program TokenkegQfeZyiNwAJbNbGKPFXCWuBvf9Ss623VQ5DA consumed 4645 of 168489 compute units
    Program TokenkegQfeZyiNwAJbNbGKPFXCWuBvf9Ss623VQ5DA success
    Program data: H+zXkEstnVcQSkx5KG1osiq5xjlpLso2k/PrB8Wsb4EMQwB4QFMJmfT7iJYzyiNfN1r5l/dH2doLBon9NT0NdF6pvYE96hBUvGsAqQ/m/yj2Q7H8iOwlfZyoEGohKQ1hgdyOKB1aozOd45ghFetnmBfmr21vW6fqii6WbZAXbUt+GCQ5AHZcmugDAAAAAAAA0AcAAAAAAACQEidpAAAAAPKaacCaAQAA
    Program HTk3g5v5CUai7MXF3r87jAMDjpGH6oXFJQCRYf4GFrv9 consumed 37734 of 200000 compute units
    Program HTk3g5v5CUai7MXF3r87jAMDjpGH6oXFJQCRYf4GFrv9 success
Transaction executed in slot 23:
  Signature: 5bmZu1uHZggStR2tpxCE7SHurzdZGkLA6bmGRBGyv8pf5frxDA4hWcLEBaLvmxGmt19EMkyf9PHerTo7ywLUnvVh
  Status: Ok
  Log Messages:
    Program HTk3g5v5CUai7MXF3r87jAMDjpGH6oXFJQCRYf4GFrv9 invoke [1]
    Program log: Instruction: CreateOffer
    Program 11111111111111111111111111111111 invoke [2]
    Program 11111111111111111111111111111111 success
    Program 11111111111111111111111111111111 invoke [2]
    Program 11111111111111111111111111111111 success
    Program TokenkegQfeZyiNwAJbNbGKPFXCWuBvf9Ss623VQ5DA invoke [2]
    Program log: Instruction: InitializeAccount3
    Program TokenkegQfeZyiNwAJbNbGKPFXCWuBvf9Ss623VQ5DA consumed 4214 of 184035 compute units
    Program TokenkegQfeZyiNwAJbNbGKPFXCWuBvf9Ss623VQ5DA success
    Program TokenkegQfeZyiNwAJbNbGKPFXCWuBvf9Ss623VQ5DA invoke [2]
    Program log: Instruction: Transfer
    Program TokenkegQfeZyiNwAJbNbGKPFXCWuBvf9Ss623VQ5DA consumed 4645 of 174489 compute units
    Program TokenkegQfeZyiNwAJbNbGKPFXCWuBvf9Ss623VQ5DA success
    Program data: H+zXkEstnVfp0WZqPFbfuALJTXrTQIN8Fxs2ivWuwgk+MTE2rFP2LPT7iJYzyiNfN1r5l/dH2doLBon9NT0NdF6pvYE96hBUvGsAqQ/m/yj2Q7H8iOwlfZyoEGohKQ1hgdyOKB1aozOd45ghFetnmBfmr21vW6fqii6WbZAXbUt+GCQ5AHZcmugDAAAAAAAA0AcAAAAAAACCBCdpAAAAALW0acCaAQAA
    Program HTk3g5v5CUai7MXF3r87jAMDjpGH6oXFJQCRYf4GFrv9 consumed 31734 of 200000 compute units
    Program HTk3g5v5CUai7MXF3r87jAMDjpGH6oXFJQCRYf4GFrv9 success
Transaction executed in slot 34:
  Signature: 5sZa5kuMXwbc9BTuVimqQZApAG5Z2c9oANsf1RsCzBueciXsVCdVrrSaSako8Np1MG4xR7sJAh81V8QAYVDPtjyL
  Status: Ok
  Log Messages:
    Program HTk3g5v5CUai7MXF3r87jAMDjpGH6oXFJQCRYf4GFrv9 invoke [1]
    Program log: Instruction: CloseExpiredOffer
    Program TokenkegQfeZyiNwAJbNbGKPFXCWuBvf9Ss623VQ5DA invoke [2]
    Program log: Instruction: Transfer
    Program TokenkegQfeZyiNwAJbNbGKPFXCWuBvf9Ss623VQ5DA consumed 4645 of 188660 compute units
    Program TokenkegQfeZyiNwAJbNbGKPFXCWuBvf9Ss623VQ5DA success
    Program TokenkegQfeZyiNwAJbNbGKPFXCWuBvf9Ss623VQ5DA invoke [2]
    Program log: Instruction: CloseAccount
    Program TokenkegQfeZyiNwAJbNbGKPFXCWuBvf9Ss623VQ5DA consumed 3015 of 181762 compute units
    Program TokenkegQfeZyiNwAJbNbGKPFXCWuBvf9Ss623VQ5DA success
    Program data: 7SZmzKW0saTp0WZqPFbfuALJTXrTQIN8Fxs2ivWuwgk+MTE2rFP2LPT7iJYzyiNfN1r5l/dH2doLBon9NT0NdF6pvYE96hBU6AMAAAAAAABWf+68koADKg3c4DrqAcequGsZ6BATaovmNZrOUKETcA==
    Program HTk3g5v5CUai7MXF3r87jAMDjpGH6oXFJQCRYf4GFrv9 consumed 22248 of 200000 compute units
    Program HTk3g5v5CUai7MXF3r87jAMDjpGH6oXFJQCRYf4GFrv9 success
Transaction executed in slot 35:
  Signature: 2WvS2ofhZe4jKiQb6uZyqKRCDU6FZDQd3fFAo4ZjGYzoqPqoxfSFRHeLhcNHFZKw1xTK3A6ButthBJn4xjRvQ5Rd
  Status: Ok
  Log Messages:
    Program HTk3g5v5CUai7MXF3r87jAMDjpGH6oXFJQCRYf4GFrv9 invoke [1]
    Program log: Instruction: CreateOffer
    Program 11111111111111111111111111111111 invoke [2]
    Program 11111111111111111111111111111111 success
    Program 11111111111111111111111111111111 invoke [2]
    Program 11111111111111111111111111111111 success
    Program TokenkegQfeZyiNwAJbNbGKPFXCWuBvf9Ss623VQ5DA invoke [2]
    Program log: Instruction: InitializeAccount3
    Program TokenkegQfeZyiNwAJbNbGKPFXCWuBvf9Ss623VQ5DA consumed 4214 of 179535 compute units
    Program TokenkegQfeZyiNwAJbNbGKPFXCWuBvf9Ss623VQ5DA success
    Program TokenkegQfeZyiNwAJbNbGKPFXCWuBvf9Ss623VQ5DA invoke [2]
    Program log: Instruction: Transfer
    Program TokenkegQfeZyiNwAJbNbGKPFXCWuBvf9Ss623VQ5DA consumed 4645 of 169989 compute units
    Program TokenkegQfeZyiNwAJbNbGKPFXCWuBvf9Ss623VQ5DA success
    Program data: H+zXkEstnVe007KHQIPpR7P8rRCs+RzOEjyMfPo17LgC2lXu2KBXg/T7iJYzyiNfN1r5l/dH2doLBon9NT0NdF6pvYE96hBUvGsAqQ/m/yj2Q7H8iOwlfZyoEGohKQ1hgdyOKB1aozOd45ghFetnmBfmr21vW6fqii6WbZAXbUt+GCQ5AHZcmugDAAAAAAAA0AcAAAAAAACXEidpAAAAACfNacCaAQAA
    Program HTk3g5v5CUai7MXF3r87jAMDjpGH6oXFJQCRYf4GFrv9 consumed 36234 of 200000 compute units
    Program HTk3g5v5CUai7MXF3r87jAMDjpGH6oXFJQCRYf4GFrv9 success
